<?xml version="1.0" encoding="UTF-8"?>
<testsuite name="com.invoicegenerator.InvoiceGeneratorTest" tests="1" skipped="0" failures="0" errors="0" timestamp="2021-05-09T18:37:00" hostname="DESKTOP-45808RR" time="0.003">
  <properties/>
  <testcase name="givenDistanceAndTime_ShouldReturnTotalFare" classname="com.invoicegenerator.InvoiceGeneratorTest" time="0.003"/>
  <system-out><![CDATA[]]></system-out>
  <system-err><![CDATA[]]></system-err>
</testsuite>
